[17:43:38] [main/INFO]: Setting user: Player309
[17:43:40] [Client thread/INFO]: LWJGL Version: 2.9.1
[17:43:51] [Client thread/INFO]: Reloading ResourceManager: Default, FMLFileResourcePack:Forge Mod Loader, FMLFileResourcePack:Minecraft Forge, FMLFileResourcePack:BTAWC
[17:43:52] [Sound Library Loader/INFO]: Sound engine started
[17:43:54] [Client thread/INFO]: Created: 16x16 textures/blocks-atlas
[17:43:54] [Client thread/INFO]: Created: 16x16 textures/items-atlas
[17:43:54] [Client thread/INFO]: Reloading ResourceManager: Default, FMLFileResourcePack:Forge Mod Loader, FMLFileResourcePack:Minecraft Forge, FMLFileResourcePack:BTAWC
[17:43:55] [Client thread/INFO]: Created: 512x256 textures/blocks-atlas
[17:43:55] [Client thread/INFO]: Created: 256x256 textures/items-atlas
[17:43:56] [Sound Library Loader/INFO]: Sound engine started
[17:44:01] [Server thread/INFO]: Starting integrated minecraft server version 1.7.10
[17:44:01] [Server thread/INFO]: Generating keypair
[17:44:01] [Server thread/INFO]: Preparing start region for level 0
[17:44:02] [Server thread/INFO]: Changing view distance to 7, from 10
[17:44:05] [Server thread/INFO]: Stopping server
[17:44:05] [Server thread/INFO]: Saving players
[17:44:05] [Server thread/INFO]: Saving worlds
[17:44:05] [Server thread/INFO]: Saving chunks for level 'New World'/Overworld
[17:44:05] [Server thread/INFO]: Saving chunks for level 'New World'/Nether
[17:44:05] [Server thread/INFO]: Saving chunks for level 'New World'/The End
[17:44:05] [Server thread/INFO]: Starting integrated minecraft server version 1.7.10
[17:44:05] [Server thread/INFO]: Generating keypair
[17:44:05] [Server thread/INFO]: Preparing start region for level 0
[17:44:06] [Server thread/INFO]: Changing view distance to 7, from 10
[17:44:06] [Server thread/INFO]: Player309[local:E:0ae3fefa] logged in with entity id 8 at (1020.5, 56.0, -180.5)
[17:44:06] [Server thread/INFO]: Player309 joined the game
[17:44:09] [Server thread/INFO]: Player309 has just earned the achievement [Taking Inventory]
[17:44:10] [Client thread/INFO]: [CHAT] Player309 has just earned the achievement [Taking Inventory]
[17:44:15] [Client thread/INFO]: [CHAT] Flowtation Device: is on
[17:44:19] [Client thread/INFO]: [CHAT] Flowtation Device: is off
[17:44:23] [Client thread/INFO]: [CHAT] Flowtation Device: is on
[17:44:33] [Server thread/INFO]: [Player309: Set own game mode to Survival Mode]
[17:44:33] [Client thread/INFO]: [CHAT] Your game mode has been updated
[17:44:36] [Client thread/INFO]: [CHAT] Flowtation Device: is off
[17:44:38] [Client thread/INFO]: [CHAT] Flowtation Device: is on
[17:45:49] [Client thread/INFO]: [CHAT] Flowtation Device: is off
[17:45:51] [Client thread/INFO]: [CHAT] Flowtation Device: is on
[17:45:54] [Client thread/INFO]: [CHAT] Flowtation Device: is off
[17:45:57] [Client thread/INFO]: [CHAT] Flowtation Device: is on
[17:46:37] [Server thread/INFO]: Saving and pausing game...
[17:46:37] [Server thread/INFO]: Saving chunks for level 'New World'/Overworld
[17:46:38] [Server thread/INFO]: Saving chunks for level 'New World'/Nether
[17:46:38] [Server thread/INFO]: Saving chunks for level 'New World'/The End
[17:46:38] [Server thread/INFO]: Stopping server
[17:46:38] [Server thread/INFO]: Saving players
[17:46:38] [Server thread/INFO]: Saving worlds
[17:46:38] [Server thread/INFO]: Saving chunks for level 'New World'/Overworld
[17:46:38] [Server thread/INFO]: Saving chunks for level 'New World'/Nether
[17:46:38] [Server thread/INFO]: Saving chunks for level 'New World'/The End
[17:46:39] [Client thread/INFO]: Stopping!
